# JRE version: OpenJDK Runtime Environment (8.0_76-b03) (build 1.8.0_76-release-b03)
# Java VM: OpenJDK 64-Bit Server VM (25.76-b03 mixed mode windows-amd64 compressed oops)
Heap:
 PSYoungGen      total 194048K, used 52542K [0x00000000eab00000, 0x00000000faf80000, 0x0000000100000000)
  eden space 159232K, 11% used [0x00000000eab00000,0x00000000ebd627b8,0x00000000f4680000)
  from space 34816K, 96% used [0x00000000f4680000,0x00000000f676d060,0x00000000f6880000)
  to   space 39936K, 0% used [0x00000000f8880000,0x00000000f8880000,0x00000000faf80000)
 ParOldGen       total 140288K, used 74196K [0x00000000c0000000, 0x00000000c8900000, 0x00000000eab00000)
  object space 140288K, 52% used [0x00000000c0000000,0x00000000c4875048,0x00000000c8900000)
 Metaspace       used 6426K, capacity 7408K, committed 7552K, reserved 1056768K
  class space    used 591K, capacity 616K, committed 640K, reserved 1048576K
GC Heap History (10 events):
Event: 43.559 GC heap before
{Heap before GC invocations=11 (full 1):
 PSYoungGen      total 142336K, used 142324K [0x00000000eab00000, 0x00000000f7200000, 0x0000000100000000)
  eden space 118272K, 100% used [0x00000000eab00000,0x00000000f1e80000,0x00000000f1e80000)
  from space 24064K, 99% used [0x00000000f1e80000,0x00000000f35fd130,0x00000000f3600000)
  to   space 31744K, 0% used [0x00000000f5300000,0x00000000f5300000,0x00000000f7200000)
 ParOldGen       total 83968K, used 52613K [0x00000000c0000000, 0x00000000c5200000, 0x00000000eab00000)
  object space 83968K, 62% used [0x00000000c0000000,0x00000000c3361680,0x00000000c5200000)
 Metaspace       used 6012K, capacity 7152K, committed 7296K, reserved 1056768K
  class space    used 564K, capacity 616K, committed 640K, reserved 1048576K
Event: 44.533 GC heap after
Heap after GC invocations=11 (full 1):
 PSYoungGen      total 164864K, used 31719K [0x00000000eab00000, 0x00000000f8000000, 0x0000000100000000)
  eden space 133120K, 0% used [0x00000000eab00000,0x00000000eab00000,0x00000000f2d00000)
  from space 31744K, 99% used [0x00000000f5300000,0x00000000f71f9f58,0x00000000f7200000)
  to   space 38912K, 0% used [0x00000000f2d00000,0x00000000f2d00000,0x00000000f5300000)
 ParOldGen       total 83968K, used 58816K [0x00000000c0000000, 0x00000000c5200000, 0x00000000eab00000)
  object space 83968K, 70% used [0x00000000c0000000,0x00000000c39700a8,0x00000000c5200000)
 Metaspace       used 6012K, capacity 7152K, committed 7296K, reserved 1056768K
  class space    used 564K, capacity 616K, committed 640K, reserved 1048576K
}
Event: 48.700 GC heap before
{Heap before GC invocations=12 (full 1):
 PSYoungGen      total 164864K, used 164839K [0x00000000eab00000, 0x00000000f8000000, 0x0000000100000000)
  eden space 133120K, 100% used [0x00000000eab00000,0x00000000f2d00000,0x00000000f2d00000)
  from space 31744K, 99% used [0x00000000f5300000,0x00000000f71f9f58,0x00000000f7200000)
  to   space 38912K, 0% used [0x00000000f2d00000,0x00000000f2d00000,0x00000000f5300000)
 ParOldGen       total 83968K, used 58816K [0x00000000c0000000, 0x00000000c5200000, 0x00000000eab00000)
  object space 83968K, 70% used [0x00000000c0000000,0x00000000c39700a8,0x00000000c5200000)
 Metaspace       used 6068K, capacity 7152K, committed 7296K, reserved 1056768K
  class space    used 571K, capacity 616K, committed 640K, reserved 1048576K
Event: 49.877 GC heap after
Heap after GC invocations=12 (full 1):
 PSYoungGen      total 172032K, used 16214K [0x00000000eab00000, 0x00000000f8f80000, 0x0000000100000000)
  eden space 133120K, 0% used [0x00000000eab00000,0x00000000eab00000,0x00000000f2d00000)
  from space 38912K, 41% used [0x00000000f2d00000,0x00000000f3cd5b40,0x00000000f5300000)
  to   space 36864K, 0% used [0x00000000f6b80000,0x00000000f6b80000,0x00000000f8f80000)
 ParOldGen       total 89088K, used 89028K [0x00000000c0000000, 0x00000000c5700000, 0x00000000eab00000)
  object space 89088K, 99% used [0x00000000c0000000,0x00000000c56f13c8,0x00000000c5700000)
 Metaspace       used 6068K, capacity 7152K, committed 7296K, reserved 1056768K
  class space    used 571K, capacity 616K, committed 640K, reserved 1048576K
}
Event: 49.877 GC heap before
{Heap before GC invocations=13 (full 2):
 PSYoungGen      total 172032K, used 16214K [0x00000000eab00000, 0x00000000f8f80000, 0x0000000100000000)
  eden space 133120K, 0% used [0x00000000eab00000,0x00000000eab00000,0x00000000f2d00000)
  from space 38912K, 41% used [0x00000000f2d00000,0x00000000f3cd5b40,0x00000000f5300000)
  to   space 36864K, 0% used [0x00000000f6b80000,0x00000000f6b80000,0x00000000f8f80000)
 ParOldGen       total 89088K, used 89028K [0x00000000c0000000, 0x00000000c5700000, 0x00000000eab00000)
  object space 89088K, 99% used [0x00000000c0000000,0x00000000c56f13c8,0x00000000c5700000)
 Metaspace       used 6068K, capacity 7152K, committed 7296K, reserved 1056768K
  class space    used 571K, capacity 616K, committed 640K, reserved 1048576K
Event: 55.893 GC heap after
Heap after GC invocations=13 (full 2):
 PSYoungGen      total 172032K, used 0K [0x00000000eab00000, 0x00000000f8f80000, 0x0000000100000000)
  eden space 133120K, 0% used [0x00000000eab00000,0x00000000eab00000,0x00000000f2d00000)
  from space 38912K, 0% used [0x00000000f2d00000,0x00000000f2d00000,0x00000000f5300000)
  to   space 36864K, 0% used [0x00000000f6b80000,0x00000000f6b80000,0x00000000f8f80000)
 ParOldGen       total 140288K, used 74180K [0x00000000c0000000, 0x00000000c8900000, 0x00000000eab00000)
  object space 140288K, 52% used [0x00000000c0000000,0x00000000c4871048,0x00000000c8900000)
 Metaspace       used 6068K, capacity 7152K, committed 7296K, reserved 1056768K
  class space    used 571K, capacity 616K, committed 640K, reserved 1048576K
}
Event: 60.936 GC heap before
{Heap before GC invocations=14 (full 2):
 PSYoungGen      total 172032K, used 133120K [0x00000000eab00000, 0x00000000f8f80000, 0x0000000100000000)
  eden space 133120K, 100% used [0x00000000eab00000,0x00000000f2d00000,0x00000000f2d00000)
  from space 38912K, 0% used [0x00000000f2d00000,0x00000000f2d00000,0x00000000f5300000)
  to   space 36864K, 0% used [0x00000000f6b80000,0x00000000f6b80000,0x00000000f8f80000)
 ParOldGen       total 140288K, used 74180K [0x00000000c0000000, 0x00000000c8900000, 0x00000000eab00000)
  object space 140288K, 52% used [0x00000000c0000000,0x00000000c4871048,0x00000000c8900000)
 Metaspace       used 6077K, capacity 7152K, committed 7296K, reserved 1056768K
  class space    used 571K, capacity 616K, committed 640K, reserved 1048576K
Event: 61.246 GC heap after
Heap after GC invocations=14 (full 2):
 PSYoungGen      total 190976K, used 15831K [0x00000000eab00000, 0x00000000f8a80000, 0x0000000100000000)
  eden space 159232K, 0% used [0x00000000eab00000,0x00000000eab00000,0x00000000f4680000)
  from space 31744K, 49% used [0x00000000f6b80000,0x00000000f7af5e78,0x00000000f8a80000)
  to   space 34816K, 0% used [0x00000000f4680000,0x00000000f4680000,0x00000000f6880000)
 ParOldGen       total 140288K, used 74188K [0x00000000c0000000, 0x00000000c8900000, 0x00000000eab00000)
  object space 140288K, 52% used [0x00000000c0000000,0x00000000c4873048,0x00000000c8900000)
 Metaspace       used 6077K, capacity 7152K, committed 7296K, reserved 1056768K
  class space    used 571K, capacity 616K, committed 640K, reserved 1048576K
}
Event: 72.399 GC heap before
{Heap before GC invocations=15 (full 2):
 PSYoungGen      total 190976K, used 175063K [0x00000000eab00000, 0x00000000f8a80000, 0x0000000100000000)
  eden space 159232K, 100% used [0x00000000eab00000,0x00000000f4680000,0x00000000f4680000)
  from space 31744K, 49% used [0x00000000f6b80000,0x00000000f7af5e78,0x00000000f8a80000)
  to   space 34816K, 0% used [0x00000000f4680000,0x00000000f4680000,0x00000000f6880000)
 ParOldGen       total 140288K, used 74188K [0x00000000c0000000, 0x00000000c8900000, 0x00000000eab00000)
  object space 140288K, 52% used [0x00000000c0000000,0x00000000c4873048,0x00000000c8900000)
 Metaspace       used 6117K, capacity 7152K, committed 7296K, reserved 1056768K
  class space    used 574K, capacity 616K, committed 640K, reserved 1048576K
Event: 72.894 GC heap after
Heap after GC invocations=15 (full 2):
 PSYoungGen      total 194048K, used 33716K [0x00000000eab00000, 0x00000000faf80000, 0x0000000100000000)
  eden space 159232K, 0% used [0x00000000eab00000,0x00000000eab00000,0x00000000f4680000)
  from space 34816K, 96% used [0x00000000f4680000,0x00000000f676d060,0x00000000f6880000)
  to   space 39936K, 0% used [0x00000000f8880000,0x00000000f8880000,0x00000000faf80000)
 ParOldGen       total 140288K, used 74196K [0x00000000c0000000, 0x00000000c8900000, 0x00000000eab00000)
  object space 140288K, 52% used [0x00000000c0000000,0x00000000c4875048,0x00000000c8900000)
 Metaspace       used 6117K, capacity 7152K, committed 7296K, reserved 1056768K
  class space    used 574K, capacity 616K, committed 640K, reserved 1048576K
}

