# JRE version: OpenJDK Runtime Environment (8.0_76-b03) (build 1.8.0_76-release-b03)
# Java VM: OpenJDK 64-Bit Server VM (25.76-b03 mixed mode windows-amd64 compressed oops)
Heap:
 PSYoungGen      total 179712K, used 27488K [0x00000000eab00000, 0x00000000fb980000, 0x0000000100000000)
  eden space 145920K, 17% used [0x00000000eab00000,0x00000000ec3f8b18,0x00000000f3980000)
  from space 33792K, 5% used [0x00000000f3980000,0x00000000f3b5f800,0x00000000f5a80000)
  to   space 44032K, 0% used [0x00000000f8e80000,0x00000000f8e80000,0x00000000fb980000)
 ParOldGen       total 123392K, used 68016K [0x00000000c0000000, 0x00000000c7880000, 0x00000000eab00000)
  object space 123392K, 55% used [0x00000000c0000000,0x00000000c426c270,0x00000000c7880000)
 Metaspace       used 6050K, capacity 7152K, committed 7296K, reserved 1056768K
  class space    used 575K, capacity 616K, committed 640K, reserved 1048576K
GC Heap History (10 events):
Event: 6.949 GC heap before
{Heap before GC invocations=9 (full 1):
 PSYoungGen      total 140800K, used 20474K [0x00000000eab00000, 0x00000000f5900000, 0x0000000100000000)
  eden space 120320K, 0% used [0x00000000eab00000,0x00000000eab00000,0x00000000f2080000)
  from space 20480K, 99% used [0x00000000f3a00000,0x00000000f4dfe9c0,0x00000000f4e00000)
  to   space 26112K, 0% used [0x00000000f2080000,0x00000000f2080000,0x00000000f3a00000)
 ParOldGen       total 44032K, used 35901K [0x00000000c0000000, 0x00000000c2b00000, 0x00000000eab00000)
  object space 44032K, 81% used [0x00000000c0000000,0x00000000c230f770,0x00000000c2b00000)
 Metaspace       used 5858K, capacity 7088K, committed 7296K, reserved 1056768K
  class space    used 561K, capacity 616K, committed 640K, reserved 1048576K
Event: 7.864 GC heap after
Heap after GC invocations=9 (full 1):
 PSYoungGen      total 140800K, used 0K [0x00000000eab00000, 0x00000000f5900000, 0x0000000100000000)
  eden space 120320K, 0% used [0x00000000eab00000,0x00000000eab00000,0x00000000f2080000)
  from space 20480K, 0% used [0x00000000f3a00000,0x00000000f3a00000,0x00000000f4e00000)
  to   space 26112K, 0% used [0x00000000f2080000,0x00000000f2080000,0x00000000f3a00000)
 ParOldGen       total 68096K, used 33069K [0x00000000c0000000, 0x00000000c4280000, 0x00000000eab00000)
  object space 68096K, 48% used [0x00000000c0000000,0x00000000c204b648,0x00000000c4280000)
 Metaspace       used 5858K, capacity 7088K, committed 7296K, reserved 1056768K
  class space    used 561K, capacity 616K, committed 640K, reserved 1048576K
}
Event: 9.329 GC heap before
{Heap before GC invocations=10 (full 1):
 PSYoungGen      total 140800K, used 120320K [0x00000000eab00000, 0x00000000f5900000, 0x0000000100000000)
  eden space 120320K, 100% used [0x00000000eab00000,0x00000000f2080000,0x00000000f2080000)
  from space 20480K, 0% used [0x00000000f3a00000,0x00000000f3a00000,0x00000000f4e00000)
  to   space 26112K, 0% used [0x00000000f2080000,0x00000000f2080000,0x00000000f3a00000)
 ParOldGen       total 68096K, used 33069K [0x00000000c0000000, 0x00000000c4280000, 0x00000000eab00000)
  object space 68096K, 48% used [0x00000000c0000000,0x00000000c204b648,0x00000000c4280000)
 Metaspace       used 5907K, capacity 7088K, committed 7296K, reserved 1056768K
  class space    used 561K, capacity 616K, committed 640K, reserved 1048576K
Event: 9.427 GC heap after
Heap after GC invocations=10 (full 1):
 PSYoungGen      total 146432K, used 17127K [0x00000000eab00000, 0x00000000f7480000, 0x0000000100000000)
  eden space 120320K, 0% used [0x00000000eab00000,0x00000000eab00000,0x00000000f2080000)
  from space 26112K, 65% used [0x00000000f2080000,0x00000000f3139f10,0x00000000f3a00000)
  to   space 26624K, 0% used [0x00000000f5a80000,0x00000000f5a80000,0x00000000f7480000)
 ParOldGen       total 68096K, used 33077K [0x00000000c0000000, 0x00000000c4280000, 0x00000000eab00000)
  object space 68096K, 48% used [0x00000000c0000000,0x00000000c204d648,0x00000000c4280000)
 Metaspace       used 5907K, capacity 7088K, committed 7296K, reserved 1056768K
  class space    used 561K, capacity 616K, committed 640K, reserved 1048576K
}
Event: 11.111 GC heap before
{Heap before GC invocations=11 (full 1):
 PSYoungGen      total 146432K, used 137447K [0x00000000eab00000, 0x00000000f7480000, 0x0000000100000000)
  eden space 120320K, 100% used [0x00000000eab00000,0x00000000f2080000,0x00000000f2080000)
  from space 26112K, 65% used [0x00000000f2080000,0x00000000f3139f10,0x00000000f3a00000)
  to   space 26624K, 0% used [0x00000000f5a80000,0x00000000f5a80000,0x00000000f7480000)
 ParOldGen       total 68096K, used 33077K [0x00000000c0000000, 0x00000000c4280000, 0x00000000eab00000)
  object space 68096K, 48% used [0x00000000c0000000,0x00000000c204d648,0x00000000c4280000)
 Metaspace       used 5978K, capacity 7088K, committed 7296K, reserved 1056768K
  class space    used 569K, capacity 616K, committed 640K, reserved 1048576K
Event: 11.349 GC heap after
Heap after GC invocations=11 (full 1):
 PSYoungGen      total 172544K, used 26607K [0x00000000eab00000, 0x00000000f8400000, 0x0000000100000000)
  eden space 145920K, 0% used [0x00000000eab00000,0x00000000eab00000,0x00000000f3980000)
  from space 26624K, 99% used [0x00000000f5a80000,0x00000000f747bdd8,0x00000000f7480000)
  to   space 33792K, 0% used [0x00000000f3980000,0x00000000f3980000,0x00000000f5a80000)
 ParOldGen       total 68096K, used 41996K [0x00000000c0000000, 0x00000000c4280000, 0x00000000eab00000)
  object space 68096K, 61% used [0x00000000c0000000,0x00000000c2903010,0x00000000c4280000)
 Metaspace       used 5978K, capacity 7088K, committed 7296K, reserved 1056768K
  class space    used 569K, capacity 616K, committed 640K, reserved 1048576K
}
Event: 13.295 GC heap before
{Heap before GC invocations=12 (full 1):
 PSYoungGen      total 172544K, used 172527K [0x00000000eab00000, 0x00000000f8400000, 0x0000000100000000)
  eden space 145920K, 100% used [0x00000000eab00000,0x00000000f3980000,0x00000000f3980000)
  from space 26624K, 99% used [0x00000000f5a80000,0x00000000f747bdd8,0x00000000f7480000)
  to   space 33792K, 0% used [0x00000000f3980000,0x00000000f3980000,0x00000000f5a80000)
 ParOldGen       total 68096K, used 41996K [0x00000000c0000000, 0x00000000c4280000, 0x00000000eab00000)
  object space 68096K, 61% used [0x00000000c0000000,0x00000000c2903010,0x00000000c4280000)
 Metaspace       used 6003K, capacity 7152K, committed 7296K, reserved 1056768K
  class space    used 570K, capacity 616K, committed 640K, reserved 1048576K
Event: 13.593 GC heap after
Heap after GC invocations=12 (full 1):
 PSYoungGen      total 179712K, used 33782K [0x00000000eab00000, 0x00000000fb980000, 0x0000000100000000)
  eden space 145920K, 0% used [0x00000000eab00000,0x00000000eab00000,0x00000000f3980000)
  from space 33792K, 99% used [0x00000000f3980000,0x00000000f5a7d918,0x00000000f5a80000)
  to   space 44032K, 0% used [0x00000000f8e80000,0x00000000f8e80000,0x00000000fb980000)
 ParOldGen       total 68096K, used 55139K [0x00000000c0000000, 0x00000000c4280000, 0x00000000eab00000)
  object space 68096K, 80% used [0x00000000c0000000,0x00000000c35d8d78,0x00000000c4280000)
 Metaspace       used 6003K, capacity 7152K, committed 7296K, reserved 1056768K
  class space    used 570K, capacity 616K, committed 640K, reserved 1048576K
}
Event: 13.593 GC heap before
{Heap before GC invocations=13 (full 2):
 PSYoungGen      total 179712K, used 33782K [0x00000000eab00000, 0x00000000fb980000, 0x0000000100000000)
  eden space 145920K, 0% used [0x00000000eab00000,0x00000000eab00000,0x00000000f3980000)
  from space 33792K, 99% used [0x00000000f3980000,0x00000000f5a7d918,0x00000000f5a80000)
  to   space 44032K, 0% used [0x00000000f8e80000,0x00000000f8e80000,0x00000000fb980000)
 ParOldGen       total 68096K, used 55139K [0x00000000c0000000, 0x00000000c4280000, 0x00000000eab00000)
  object space 68096K, 80% used [0x00000000c0000000,0x00000000c35d8d78,0x00000000c4280000)
 Metaspace       used 6003K, capacity 7152K, committed 7296K, reserved 1056768K
  class space    used 570K, capacity 616K, committed 640K, reserved 1048576K
Event: 16.029 GC heap after
Heap after GC invocations=13 (full 2):
 PSYoungGen      total 179712K, used 1918K [0x00000000eab00000, 0x00000000fb980000, 0x0000000100000000)
  eden space 145920K, 0% used [0x00000000eab00000,0x00000000eab00000,0x00000000f3980000)
  from space 33792K, 5% used [0x00000000f3980000,0x00000000f3b5f800,0x00000000f5a80000)
  to   space 44032K, 0% used [0x00000000f8e80000,0x00000000f8e80000,0x00000000fb980000)
 ParOldGen       total 123392K, used 68016K [0x00000000c0000000, 0x00000000c7880000, 0x00000000eab00000)
  object space 123392K, 55% used [0x00000000c0000000,0x00000000c426c270,0x00000000c7880000)
 Metaspace       used 6003K, capacity 7152K, committed 7296K, reserved 1056768K
  class space    used 570K, capacity 616K, committed 640K, reserved 1048576K
}

